[2025-04-23T03:56:56.889896+00:00] admin_statistics.INFO: Pimcore\Bundle\AdminBundle\Controller\Admin\LoginController::loginAction ["0","pimcore_admin_login",[],[]] []
[2025-04-23T03:56:57.457829+00:00] admin_statistics.INFO: Pimcore\Bundle\AdminBundle\Controller\Admin\SettingsController::displayCustomLogoAction ["0","pimcore_settings_display_custom_logo",[],{"white":"true"}] []
[2025-04-23T03:57:26.360626+00:00] admin_statistics.INFO: Pimcore\Bundle\AdminBundle\Controller\Admin\LoginController::loginAction ["0","pimcore_admin_login",[],[]] []
[2025-04-23T03:57:27.685556+00:00] admin_statistics.INFO: Pimcore\Bundle\AdminBundle\Controller\Admin\SettingsController::displayCustomLogoAction ["0","pimcore_settings_display_custom_logo",[],{"white":"true"}] []
[2025-04-23T03:57:46.369540+00:00] admin_statistics.INFO: Pimcore\Bundle\AdminBundle\Controller\Admin\LoginController::csrfTokenAction ["0","pimcore_admin_login_csrf_token",[],[]] []
[2025-04-23T03:57:56.669082+00:00] admin_statistics.INFO: Pimcore\Bundle\AdminBundle\Controller\Admin\LoginController::csrfTokenAction ["0","pimcore_admin_login_csrf_token",[],[]] []
[2025-04-23T03:57:58.526347+00:00] admin_statistics.INFO: Pimcore\Bundle\AdminBundle\Controller\Admin\LoginController::loginAction ["0","pimcore_admin_login",[],[]] []
[2025-04-23T03:57:59.119845+00:00] admin_statistics.INFO: Pimcore\Bundle\AdminBundle\Controller\Admin\SettingsController::displayCustomLogoAction ["0","pimcore_settings_display_custom_logo",[],{"white":"true"}] []
[2025-04-23T03:58:03.426258+00:00] admin_statistics.INFO: Pimcore\Bundle\AdminBundle\Controller\Admin\LoginController::loginAction ["0","pimcore_admin_login",[],[]] []
[2025-04-23T03:58:03.648400+00:00] admin_statistics.INFO: Pimcore\Bundle\AdminBundle\Controller\Admin\SettingsController::displayCustomLogoAction ["0","pimcore_settings_display_custom_logo",[],{"white":"true"}] []
[2025-04-23T03:58:20.482505+00:00] admin_statistics.INFO: Pimcore\Bundle\AdminBundle\Controller\Admin\IndexController::indexAction [2,"pimcore_admin_index",[],[]] []
[2025-04-23T03:58:21.427037+00:00] admin_statistics.INFO: Pimcore\Bundle\AdminBundle\Controller\Admin\UserController::getImageAction [2,"pimcore_admin_user_getimage",[],[]] []
[2025-04-23T03:58:21.489541+00:00] admin_statistics.INFO: Pimcore\Bundle\AdminBundle\Controller\Admin\MiscController::adminCssAction [2,"pimcore_admin_misc_admincss",[],[]] []
[2025-04-23T03:58:24.321245+00:00] admin_statistics.INFO: Pimcore\Bundle\AdminBundle\Controller\Admin\MiscController::jsonTranslationsSystemAction [2,"pimcore_admin_misc_jsontranslationssystem",[],{"language":"en"}] []
[2025-04-23T03:58:25.286508+00:00] admin_statistics.INFO: Pimcore\Bundle\AdminBundle\Controller\Admin\UserController::getCurrentUserAction [2,"pimcore_admin_user_getcurrentuser",[],[]] []
[2025-04-23T03:58:25.342062+00:00] admin_statistics.INFO: Pimcore\Bundle\AdminBundle\Controller\Admin\MiscController::availableLanguagesAction [2,"pimcore_admin_misc_availablelanguages",[],[]] []
[2025-04-23T03:58:25.462253+00:00] admin_statistics.INFO: Pimcore\Bundle\AdminBundle\Controller\Admin\MiscController::scriptProxyAction [2,"pimcore_admin_misc_scriptproxy",[],{"storageFile":"minified_javascript_core_847967c78d137ff..."}] []
[2025-04-23T03:58:25.506903+00:00] admin_statistics.INFO: Pimcore\Bundle\AdminBundle\Controller\Admin\MiscController::scriptProxyAction [2,"pimcore_admin_misc_scriptproxy",[],{"storageFile":"minified_javascript_core_883c33c1ec1fd2a..."}] []
[2025-04-23T03:59:34.781204+00:00] admin_statistics.INFO: Pimcore\Bundle\AdminBundle\Controller\Admin\SettingsController::displayCustomLogoAction [2,"pimcore_settings_display_custom_logo",[],[]] []
[2025-04-23T03:59:34.913387+00:00] admin_statistics.INFO: Pimcore\Bundle\AdminBundle\Controller\Admin\Document\DocumentController::treeGetRootAction [2,"pimcore_admin_document_document_treegetroot",[],{"id":"1","view":"","elementType":"document"}] []
[2025-04-23T03:59:34.958077+00:00] admin_statistics.INFO: Pimcore\Bundle\AdminBundle\Controller\Admin\Asset\AssetController::treeGetRootAction [2,"pimcore_admin_asset_treegetroot",[],{"id":"1","view":"","elementType":"asset"}] []
[2025-04-23T03:59:34.992956+00:00] admin_statistics.INFO: Pimcore\Bundle\AdminBundle\Controller\Admin\DataObject\DataObjectController::treeGetRootAction [2,"pimcore_admin_dataobject_dataobject_treegetroot",[],{"id":"","view":"","elementType":"object"}] []
[2025-04-23T03:59:35.059017+00:00] admin_statistics.INFO: Pimcore\Bundle\AdminBundle\Controller\Admin\PortalController::dashboardListAction [2,"pimcore_admin_portal_dashboardlist",[],[]] []
[2025-04-23T03:59:35.106374+00:00] admin_statistics.INFO: Pimcore\Bundle\AdminBundle\Controller\Admin\NotificationController::findLastUnreadAction [2,"pimcore_admin_notification_findlastunread",[],{"lastUpdate":"1745380773"}] []
[2025-04-23T03:59:35.188672+00:00] admin_statistics.INFO: Pimcore\Bundle\AdminBundle\Controller\Admin\Document\DocumentController::docTypesGetAction [2,"pimcore_admin_document_document_doctypesget",[],{"xaction":"read","page":"1","start":"0","limit":"25"}] []
[2025-04-23T03:59:35.199322+00:00] admin_statistics.INFO: Pimcore\Bundle\AdminBundle\Controller\Admin\DataObject\ClassController::getTreeAction [2,"pimcore_admin_dataobject_class_gettree",[],{"page":"1","start":"0","limit":"25"}] []
[2025-04-23T03:59:35.332671+00:00] admin_statistics.INFO: Pimcore\Bundle\AdminBundle\Controller\Admin\DataObject\ClassController::getTreeAction [2,"pimcore_admin_dataobject_class_gettree",[],{"createAllowed":"true","page":"1","start":"0","limit":"25"}] []
[2025-04-23T03:59:35.339823+00:00] admin_statistics.INFO: Pimcore\Bundle\AdminBundle\Controller\Admin\SettingsController::getAvailableAdminLanguagesAction [2,"pimcore_admin_settings_getavailableadminlanguages",[],{"page":"1","start":"0","limit":"25"}] []
[2025-04-23T03:59:35.400686+00:00] admin_statistics.INFO: Pimcore\Bundle\AdminBundle\Controller\Admin\SettingsController::getAvailableSitesAction [2,"pimcore_admin_settings_getavailablesites",[],{"page":"1","start":"0","limit":"25"}] []
[2025-04-23T03:59:35.942248+00:00] admin_statistics.INFO: Pimcore\Bundle\AdminBundle\Controller\Admin\DataObject\DataObjectController::treeGetChildrenByIdAction [2,"pimcore_admin_dataobject_dataobject_treegetchildrenbyid",[],{"limit":"30","view":"","parentPath":"/","page":"1","start":"0","node":"1"}] []
[2025-04-23T03:59:40.960618+00:00] admin_statistics.INFO: Pimcore\Bundle\AdminBundle\Controller\Admin\IndexController::statisticsAction [2,"pimcore_admin_index_statistics",[],[]] []
[2025-04-23T04:00:16.623139+00:00] admin_statistics.INFO: Pimcore\Bundle\AdminBundle\Controller\Admin\Document\PageController::getDataByIdAction [2,"pimcore_admin_document_page_getdatabyid",[],{"id":"1"}] []
[2025-04-23T04:00:18.042239+00:00] admin_statistics.INFO: Pimcore\Bundle\AdminBundle\Controller\Admin\MiscController::scriptProxyAction [2,"pimcore_admin_misc_scriptproxy",[],{"storageFile":"minified_javascript_core_adbfa5c73d6270c..."}] []
[2025-04-23T04:00:18.074339+00:00] admin_statistics.INFO: Pimcore\Bundle\AdminBundle\Controller\Admin\MiscController::jsonTranslationsSystemAction [2,"pimcore_admin_misc_jsontranslationssystem",[],{"language":"en"}] []
[2025-04-23T04:00:33.678944+00:00] admin_statistics.INFO: Pimcore\Bundle\AdminBundle\Controller\Admin\TranslationController::addAdminTranslationKeysAction [2,"pimcore_admin_translation_addadmintranslationkeys",[],{"keys":"[\"SEO\",\"clear\"]"}] []
[2025-04-23T04:00:33.809414+00:00] admin_statistics.INFO: Pimcore\Bundle\AdminBundle\Controller\Admin\NotificationController::findLastUnreadAction [2,"pimcore_admin_notification_findlastunread",[],{"lastUpdate":"1745380774"}] []
[2025-04-23T04:01:33.685273+00:00] admin_statistics.INFO: Pimcore\Bundle\AdminBundle\Controller\Admin\NotificationController::findLastUnreadAction [2,"pimcore_admin_notification_findlastunread",[],{"lastUpdate":"1745380833"}] []
[2025-04-23T04:02:03.713776+00:00] admin_statistics.INFO: Pimcore\Bundle\AdminBundle\Controller\Admin\NotificationController::findLastUnreadAction [2,"pimcore_admin_notification_findlastunread",[],{"lastUpdate":"1745380893"}] []
[2025-04-23T04:02:33.699213+00:00] admin_statistics.INFO: Pimcore\Bundle\AdminBundle\Controller\Admin\NotificationController::findLastUnreadAction [2,"pimcore_admin_notification_findlastunread",[],{"lastUpdate":"1745380923"}] []
[2025-04-23T04:03:03.683635+00:00] admin_statistics.INFO: Pimcore\Bundle\AdminBundle\Controller\Admin\NotificationController::findLastUnreadAction [2,"pimcore_admin_notification_findlastunread",[],{"lastUpdate":"1745380953"}] []
[2025-04-23T04:03:33.687229+00:00] admin_statistics.INFO: Pimcore\Bundle\AdminBundle\Controller\Admin\NotificationController::findLastUnreadAction [2,"pimcore_admin_notification_findlastunread",[],{"lastUpdate":"1745380983"}] []
[2025-04-23T04:04:03.693577+00:00] admin_statistics.INFO: Pimcore\Bundle\AdminBundle\Controller\Admin\NotificationController::findLastUnreadAction [2,"pimcore_admin_notification_findlastunread",[],{"lastUpdate":"1745381013"}] []
[2025-04-23T04:04:33.685323+00:00] admin_statistics.INFO: Pimcore\Bundle\AdminBundle\Controller\Admin\NotificationController::findLastUnreadAction [2,"pimcore_admin_notification_findlastunread",[],{"lastUpdate":"1745381043"}] []
[2025-04-23T04:06:42.450352+00:00] admin_statistics.INFO: Pimcore\Bundle\AdminBundle\Controller\Admin\NotificationController::findLastUnreadAction [2,"pimcore_admin_notification_findlastunread",[],{"lastUpdate":"1745381073"}] []
[2025-04-23T04:22:33.826270+00:00] admin_statistics.INFO: Pimcore\Bundle\AdminBundle\Controller\Admin\MiscController::pingAction [2,"pimcore_admin_misc_ping",[],[]] []
[2025-04-23T04:26:41.989134+00:00] admin_statistics.INFO: Pimcore\Bundle\AdminBundle\Controller\Admin\NotificationController::findLastUnreadAction [2,"pimcore_admin_notification_findlastunread",[],{"lastUpdate":"1745381202"}] []
[2025-04-23T04:26:45.312322+00:00] admin_statistics.INFO: Pimcore\Bundle\AdminBundle\Controller\Admin\DataObject\DataObjectController::treeGetChildrenByIdAction [2,"pimcore_admin_dataobject_dataobject_treegetchildrenbyid",[],{"limit":"30","view":"","parentPath":"/","fromPaging":"0","start":"NaN","page":"1","node":"1"}] []
[2025-04-23T04:26:49.644221+00:00] admin_statistics.INFO: Pimcore\Bundle\AdminBundle\Controller\Admin\NotificationController::findAllAction [2,"pimcore_admin_notification_findall",[],{"xaction":"read","page":"1","start":"0","limit":"50"}] []
[2025-04-23T04:26:52.674469+00:00] admin_statistics.INFO: Pimcore\Bundle\AdminBundle\Controller\Admin\NotificationController::recipientsAction [2,"pimcore_admin_notification_recipients",[],{"page":"1","start":"0","limit":"25"}] []
[2025-04-23T04:26:57.098259+00:00] admin_statistics.INFO: Pimcore\Bundle\AdminBundle\Controller\Admin\UserController::getImageAction [2,"pimcore_admin_user_getimage",[],{"id":"2"}] []
[2025-04-23T04:27:03.690521+00:00] admin_statistics.INFO: Pimcore\Bundle\AdminBundle\Controller\Admin\TranslationController::addAdminTranslationKeysAction [2,"pimcore_admin_translation_addadmintranslationkeys",[],{"keys":"[\"English\",\"German\",\"French\",\"up\",\"down\"..."}] []
[2025-04-23T04:27:04.240078+00:00] admin_statistics.INFO: Pimcore\Bundle\AdminBundle\Controller\Admin\NotificationController::findLastUnreadAction [2,"pimcore_admin_notification_findlastunread",[],{"lastUpdate":"1745382401"}] []
[2025-04-23T04:27:33.707626+00:00] admin_statistics.INFO: Pimcore\Bundle\AdminBundle\Controller\Admin\NotificationController::findLastUnreadAction [2,"pimcore_admin_notification_findlastunread",[],{"lastUpdate":"1745382423"}] []
[2025-04-23T04:27:40.382967+00:00] admin_statistics.INFO: Pimcore\Bundle\AdminBundle\Controller\Admin\Asset\AssetController::getDataByIdAction [2,"pimcore_admin_asset_getdatabyid",[],{"id":"1","type":"folder"}] []
[2025-04-23T04:27:41.026530+00:00] admin_statistics.INFO: Pimcore\Bundle\AdminBundle\Controller\Admin\Asset\AssetController::getFolderContentPreviewAction [2,"pimcore_admin_asset_getfoldercontentpreview",[],{"id":"1","page":"1","start":"0","limit":"25"}] []
[2025-04-23T04:27:41.145848+00:00] admin_statistics.INFO: Pimcore\Bundle\AdminBundle\Controller\Admin\Asset\AssetHelperController::gridGetColumnConfigAction [2,"pimcore_admin_asset_assethelper_gridgetcolumnconfig",[],{"id":"1","type":"asset","gridConfigId":"","searchType":"folder"}] []
[2025-04-23T04:27:41.190305+00:00] admin_statistics.INFO: Pimcore\Bundle\AdminBundle\Controller\Admin\TagsController::treeGetChildrenByIdAction [2,"pimcore_admin_tags_treegetchildrenbyid",[],{"showSelection":"true","assignmentCId":"","assignmentCType":"","node":"0"}] []
[2025-04-23T04:27:41.481405+00:00] admin_statistics.INFO: Pimcore\Bundle\AdminBundle\Controller\Admin\Asset\AssetController::gridProxyAction [2,"pimcore_admin_asset_gridproxy",[],{"xaction":"read","folderId":"1","language":"","only_direct_children":"false","only_unreferenced":"false","considerChildTags":"0","page":"1","start":"0","limit":"25"}] []
[2025-04-23T04:27:46.334585+00:00] admin_statistics.INFO: Pimcore\Bundle\AdminBundle\Controller\Admin\DataObject\DataObjectController::getFolderAction [2,"pimcore_admin_dataobject_dataobject_getfolder",[],{"id":"1"}] []
[2025-04-23T04:28:01.938622+00:00] admin_statistics.INFO: Pimcore\Bundle\AdminBundle\Controller\Admin\ElementController::getPredefinedPropertiesAction [2,"pimcore_admin_element_getpredefinedproperties",[],{"elementType":"object","query":"","page":"1","start":"0","limit":"25"}] []
[2025-04-23T04:28:03.691727+00:00] admin_statistics.INFO: Pimcore\Bundle\AdminBundle\Controller\Admin\TranslationController::addAdminTranslationKeysAction [2,"pimcore_admin_translation_addadmintranslationkeys",[],{"keys":"[\"CSV Export\",\"XLSX Export\"]"}] []
[2025-04-23T04:28:03.828541+00:00] admin_statistics.INFO: Pimcore\Bundle\AdminBundle\Controller\Admin\NotificationController::findLastUnreadAction [2,"pimcore_admin_notification_findlastunread",[],{"lastUpdate":"1745382453"}] []
[2025-04-23T04:28:04.018509+00:00] admin_statistics.INFO: Pimcore\Bundle\AdminBundle\Controller\Admin\ElementController::getPredefinedPropertiesAction [2,"pimcore_admin_element_getpredefinedproperties",[],{"elementType":"object","query":"test","page":"1","start":"0","limit":"25"}] []
[2025-04-23T04:28:33.698284+00:00] admin_statistics.INFO: Pimcore\Bundle\AdminBundle\Controller\Admin\NotificationController::findLastUnreadAction [2,"pimcore_admin_notification_findlastunread",[],{"lastUpdate":"1745382483"}] []
[2025-04-23T04:28:46.200096+00:00] admin_statistics.INFO: Pimcore\Bundle\AdminBundle\Controller\Admin\DataObject\DataObjectController::saveFolderAction [2,"pimcore_admin_dataobject_dataobject_savefolder",[],{"task":"publish","id":"1","properties":"{\"test\":{\"data\":\"\",\"type\":\"object\",\"inhe...","general":"{\"path\":\"\\/\",\"id\":1,\"creationDate\":17453..."}] []
[2025-04-23T04:28:57.151886+00:00] admin_statistics.INFO: Pimcore\Bundle\AdminBundle\Controller\Admin\DataObject\DataObjectController::treeGetChildrenByIdAction [2,"pimcore_admin_dataobject_dataobject_treegetchildrenbyid",[],{"limit":"30","view":"","parentPath":"/","fromPaging":"0","start":"NaN","page":"1","node":"1"}] []
[2025-04-23T04:28:58.047798+00:00] admin_statistics.INFO: Pimcore\Bundle\AdminBundle\Controller\Admin\DataObject\DataObjectController::treeGetChildrenByIdAction [2,"pimcore_admin_dataobject_dataobject_treegetchildrenbyid",[],{"limit":"30","view":"","parentPath":"/","fromPaging":"0","start":"NaN","page":"1","node":"1"}] []
[2025-04-23T04:28:58.792283+00:00] admin_statistics.INFO: Pimcore\Bundle\AdminBundle\Controller\Admin\DataObject\DataObjectController::treeGetChildrenByIdAction [2,"pimcore_admin_dataobject_dataobject_treegetchildrenbyid",[],{"limit":"30","view":"","parentPath":"/","fromPaging":"0","start":"NaN","page":"1","node":"1"}] []
[2025-04-23T04:29:03.689458+00:00] admin_statistics.INFO: Pimcore\Bundle\AdminBundle\Controller\Admin\NotificationController::findLastUnreadAction [2,"pimcore_admin_notification_findlastunread",[],{"lastUpdate":"1745382513"}] []
[2025-04-23T04:29:04.213288+00:00] admin_statistics.INFO: Pimcore\Bundle\AdminBundle\Controller\Admin\ElementController::unlockElementAction [2,"pimcore_admin_element_unlockelement",[],{"id":"1","type":"asset"}] []
[2025-04-23T04:29:19.502264+00:00] admin_statistics.INFO: Pimcore\Bundle\AdminBundle\Controller\Admin\ElementController::getRequiresDependenciesAction [2,"pimcore_admin_element_getrequiresdependencies",[],{"id":"1","elementType":"object","page":"1","start":"0","limit":"25"}] []
[2025-04-23T04:29:19.544088+00:00] admin_statistics.INFO: Pimcore\Bundle\AdminBundle\Controller\Admin\ElementController::getRequiredByDependenciesAction [2,"pimcore_admin_element_getrequiredbydependencies",[],{"id":"1","elementType":"object","page":"1","start":"0","limit":"25"}] []
[2025-04-23T04:29:20.812525+00:00] admin_statistics.INFO: Pimcore\Bundle\AdminBundle\Controller\Admin\ElementController::noteListAction [2,"pimcore_admin_element_notelist",[],{"xaction":"read","cid":"1","ctype":"object","page":"1","start":"0","limit":"50"}] []
[2025-04-23T04:29:21.933912+00:00] admin_statistics.INFO: Pimcore\Bundle\AdminBundle\Controller\Admin\TagsController::treeGetChildrenByIdAction [2,"pimcore_admin_tags_treegetchildrenbyid",[],{"showSelection":"true","assignmentCId":"1","assignmentCType":"object","node":"0"}] []
[2025-04-23T04:29:21.949298+00:00] admin_statistics.INFO: Pimcore\Bundle\AdminBundle\Controller\Admin\TagsController::loadTagsForElementAction [2,"pimcore_admin_tags_loadtagsforelement",[],{"assignmentCId":"1","assignmentCType":"object","page":"1","start":"0","limit":"25"}] []
[2025-04-23T04:29:33.700623+00:00] admin_statistics.INFO: Pimcore\Bundle\AdminBundle\Controller\Admin\NotificationController::findLastUnreadAction [2,"pimcore_admin_notification_findlastunread",[],{"lastUpdate":"1745382543"}] []
[2025-04-23T04:30:03.711264+00:00] admin_statistics.INFO: Pimcore\Bundle\AdminBundle\Controller\Admin\NotificationController::findLastUnreadAction [2,"pimcore_admin_notification_findlastunread",[],{"lastUpdate":"1745382573"}] []
[2025-04-23T04:30:25.445261+00:00] admin_statistics.INFO: Pimcore\Bundle\AdminBundle\Controller\Admin\DataObject\ClassController::getTreeAction [2,"pimcore_admin_dataobject_class_gettree",[],{"grouped":"1","withId":"1","node":"0"}] []
[2025-04-23T04:30:32.024899+00:00] admin_statistics.INFO: Pimcore\Bundle\AdminBundle\Controller\Admin\DataObject\ClassController::suggestClassIdentifierAction [2,"pimcore_admin_dataobject_class_suggestclassidentifier",[],[]] []
[2025-04-23T04:30:33.702071+00:00] admin_statistics.INFO: Pimcore\Bundle\AdminBundle\Controller\Admin\NotificationController::findLastUnreadAction [2,"pimcore_admin_notification_findlastunread",[],{"lastUpdate":"1745382603"}] []
[2025-04-23T04:30:38.711942+00:00] admin_statistics.INFO: Pimcore\Bundle\AdminBundle\Controller\Admin\DataObject\ClassController::addAction [2,"pimcore_admin_dataobject_class_add",[],{"className":"test","classIdentifier":"test"}] []
[2025-04-23T04:30:39.007081+00:00] admin_statistics.INFO: Pimcore\Bundle\AdminBundle\Controller\Admin\DataObject\ClassController::getAction [2,"pimcore_admin_dataobject_class_get",[],{"id":"test"}] []
[2025-04-23T04:30:39.069605+00:00] admin_statistics.INFO: Pimcore\Bundle\AdminBundle\Controller\Admin\DataObject\ClassController::getTreeAction [2,"pimcore_admin_dataobject_class_gettree",[],{"grouped":"1","withId":"1","node":"0"}] []
[2025-04-23T04:30:39.091391+00:00] admin_statistics.INFO: Pimcore\Bundle\AdminBundle\Controller\Admin\DataObject\ClassController::getTreeAction [2,"pimcore_admin_dataobject_class_gettree",[],{"page":"1","start":"0","limit":"25"}] []
[2025-04-23T04:30:39.107255+00:00] admin_statistics.INFO: Pimcore\Bundle\AdminBundle\Controller\Admin\DataObject\ClassController::getTreeAction [2,"pimcore_admin_dataobject_class_gettree",[],{"createAllowed":"true","page":"1","start":"0","limit":"25"}] []
[2025-04-23T04:30:40.009564+00:00] admin_statistics.INFO: Pimcore\Bundle\AdminBundle\Controller\Admin\DataObject\ClassController::getBrickUsagesAction [2,"pimcore_admin_dataobject_class_getbrickusages",[],{"classId":"test","page":"1","start":"0","limit":"25"}] []
[2025-04-23T04:30:48.198336+00:00] admin_statistics.INFO: Pimcore\Bundle\AdminBundle\Controller\Admin\DataObject\ClassController::getBrickUsagesAction [2,"pimcore_admin_dataobject_class_getbrickusages",[],{"classId":"test","page":"1","start":"0","limit":"25"}] []
[2025-04-23T04:30:55.645532+00:00] admin_statistics.INFO: Pimcore\Bundle\AdminBundle\Controller\Admin\DataObject\ClassController::getBrickUsagesAction [2,"pimcore_admin_dataobject_class_getbrickusages",[],{"classId":"test","page":"1","start":"0","limit":"25"}] []
[2025-04-23T04:31:03.700605+00:00] admin_statistics.INFO: Pimcore\Bundle\AdminBundle\Controller\Admin\TranslationController::addAdminTranslationKeysAction [2,"pimcore_admin_translation_addadmintranslationkeys",[],{"keys":"[\"global\",\"ignoreCase\",\"multiline\",\"unic..."}] []
[2025-04-23T04:31:04.015097+00:00] admin_statistics.INFO: Pimcore\Bundle\AdminBundle\Controller\Admin\NotificationController::findLastUnreadAction [2,"pimcore_admin_notification_findlastunread",[],{"lastUpdate":"1745382633"}] []
[2025-04-23T04:31:33.688627+00:00] admin_statistics.INFO: Pimcore\Bundle\AdminBundle\Controller\Admin\NotificationController::findLastUnreadAction [2,"pimcore_admin_notification_findlastunread",[],{"lastUpdate":"1745382663"}] []
[2025-04-23T04:31:33.696919+00:00] admin_statistics.INFO: Pimcore\Bundle\AdminBundle\Controller\Admin\TranslationController::addAdminTranslationKeysAction [2,"pimcore_admin_translation_addadmintranslationkeys",[],{"keys":"[\"null\",\"false\",\"true\",\"default_value_wa..."}] []
[2025-04-23T04:32:03.749095+00:00] admin_statistics.INFO: Pimcore\Bundle\AdminBundle\Controller\Admin\NotificationController::findLastUnreadAction [2,"pimcore_admin_notification_findlastunread",[],{"lastUpdate":"1745382693"}] []
[2025-04-23T04:32:33.702011+00:00] admin_statistics.INFO: Pimcore\Bundle\AdminBundle\Controller\Admin\NotificationController::findLastUnreadAction [2,"pimcore_admin_notification_findlastunread",[],{"lastUpdate":"1745382723"}] []
[2025-04-23T04:32:44.903407+00:00] admin_statistics.INFO: Pimcore\Bundle\AdminBundle\Controller\Admin\DataObject\ClassController::getTreeAction [2,"pimcore_admin_dataobject_class_gettree",[],{"page":"1","start":"0","limit":"25"}] []
[2025-04-23T04:32:44.917159+00:00] admin_statistics.INFO: Pimcore\Bundle\AdminBundle\Controller\Admin\DataObject\ClassController::getDocumentTypesAction [2,"pimcore_admin_dataobject_class_getdocumenttypes",[],{"page":"1","start":"0","limit":"25"}] []
[2025-04-23T04:32:44.928827+00:00] admin_statistics.INFO: Pimcore\Bundle\AdminBundle\Controller\Admin\DataObject\ClassController::getAssetTypesAction [2,"pimcore_admin_dataobject_class_getassettypes",[],{"page":"1","start":"0","limit":"25"}] []
[2025-04-23T04:32:55.932564+00:00] admin_statistics.INFO: Pimcore\Bundle\AdminBundle\Controller\Admin\DataObject\ClassController::saveAction [2,"pimcore_admin_dataobject_class_save",[],{"configuration":"{\"children\":[{\"name\":\"Layout\",\"datatype\"...","values":"{\"dao\":null,\"id\":\"test\",\"name\":\"test\",\"t...","id":"test"}] []
[2025-04-23T04:32:56.564885+00:00] admin_statistics.INFO: Pimcore\Bundle\AdminBundle\Controller\Admin\DataObject\ClassController::getTreeAction [2,"pimcore_admin_dataobject_class_gettree",[],{"grouped":"1","withId":"1","node":"0"}] []
[2025-04-23T04:32:56.576062+00:00] admin_statistics.INFO: Pimcore\Bundle\AdminBundle\Controller\Admin\DataObject\ClassController::getTreeAction [2,"pimcore_admin_dataobject_class_gettree",[],{"createAllowed":"true","page":"1","start":"0","limit":"25"}] []
[2025-04-23T04:32:56.594254+00:00] admin_statistics.INFO: Pimcore\Bundle\AdminBundle\Controller\Admin\DataObject\ClassController::getTreeAction [2,"pimcore_admin_dataobject_class_gettree",[],{"page":"1","start":"0","limit":"25"}] []
[2025-04-23T04:33:03.705398+00:00] admin_statistics.INFO: Pimcore\Bundle\AdminBundle\Controller\Admin\NotificationController::findLastUnreadAction [2,"pimcore_admin_notification_findlastunread",[],{"lastUpdate":"1745382753"}] []
[2025-04-23T04:33:25.545203+00:00] admin_statistics.INFO: Pimcore\Bundle\AdminBundle\Controller\Admin\DataObject\ClassController::getDocumentTypesAction [2,"pimcore_admin_dataobject_class_getdocumenttypes",[],{"page":"1","start":"0","limit":"25"}] []
[2025-04-23T04:33:25.551522+00:00] admin_statistics.INFO: Pimcore\Bundle\AdminBundle\Controller\Admin\DataObject\ClassController::getTreeAction [2,"pimcore_admin_dataobject_class_gettree",[],{"page":"1","start":"0","limit":"25"}] []
[2025-04-23T04:33:25.571038+00:00] admin_statistics.INFO: Pimcore\Bundle\AdminBundle\Controller\Admin\DataObject\ClassController::getAssetTypesAction [2,"pimcore_admin_dataobject_class_getassettypes",[],{"page":"1","start":"0","limit":"25"}] []
[2025-04-23T04:33:33.710825+00:00] admin_statistics.INFO: Pimcore\Bundle\AdminBundle\Controller\Admin\NotificationController::findLastUnreadAction [2,"pimcore_admin_notification_findlastunread",[],{"lastUpdate":"1745382783"}] []
[2025-04-23T04:33:45.670828+00:00] admin_statistics.INFO: Pimcore\Bundle\AdminBundle\Controller\Admin\DataObject\ClassController::saveAction [2,"pimcore_admin_dataobject_class_save",[],{"configuration":"{\"children\":[{\"name\":\"Layout\",\"datatype\"...","values":"{\"dao\":null,\"id\":\"test\",\"name\":\"test\",\"t...","id":"test"}] []
[2025-04-23T04:33:46.038229+00:00] admin_statistics.INFO: Pimcore\Bundle\AdminBundle\Controller\Admin\DataObject\ClassController::getTreeAction [2,"pimcore_admin_dataobject_class_gettree",[],{"grouped":"1","withId":"1","node":"0"}] []
[2025-04-23T04:33:46.069674+00:00] admin_statistics.INFO: Pimcore\Bundle\AdminBundle\Controller\Admin\DataObject\ClassController::getTreeAction [2,"pimcore_admin_dataobject_class_gettree",[],{"page":"1","start":"0","limit":"25"}] []
[2025-04-23T04:33:46.092125+00:00] admin_statistics.INFO: Pimcore\Bundle\AdminBundle\Controller\Admin\DataObject\ClassController::getTreeAction [2,"pimcore_admin_dataobject_class_gettree",[],{"createAllowed":"true","page":"1","start":"0","limit":"25"}] []
[2025-04-23T04:34:03.708144+00:00] admin_statistics.INFO: Pimcore\Bundle\AdminBundle\Controller\Admin\NotificationController::findLastUnreadAction [2,"pimcore_admin_notification_findlastunread",[],{"lastUpdate":"1745382813"}] []
[2025-04-23T04:34:33.724238+00:00] admin_statistics.INFO: Pimcore\Bundle\AdminBundle\Controller\Admin\NotificationController::findLastUnreadAction [2,"pimcore_admin_notification_findlastunread",[],{"lastUpdate":"1745382843"}] []
[2025-04-23T04:34:43.896476+00:00] admin_statistics.INFO: Pimcore\Bundle\AdminBundle\Controller\Admin\DataObject\DataObjectController::saveFolderAction [2,"pimcore_admin_dataobject_dataobject_savefolder",[],{"task":"publish","id":"1","properties":"{\"test\":{\"data\":\"\",\"type\":\"object\",\"inhe...","general":"{\"path\":\"\\/\",\"id\":1,\"creationDate\":17453..."}] []
[2025-04-23T04:35:03.706398+00:00] admin_statistics.INFO: Pimcore\Bundle\AdminBundle\Controller\Admin\NotificationController::findLastUnreadAction [2,"pimcore_admin_notification_findlastunread",[],{"lastUpdate":"1745382873"}] []
[2025-04-23T04:35:09.408593+00:00] admin_statistics.INFO: Pimcore\Bundle\AdminBundle\Controller\Admin\DataObject\DataObjectHelperController::gridGetColumnConfigAction [2,"pimcore_admin_dataobject_dataobjecthelper_gridgetcolumnconfig",[],{"id":"test","objectId":"1","gridtype":"search","gridConfigId":"","searchType":"search"}] []
[2025-04-23T04:35:09.452603+00:00] admin_statistics.INFO: Pimcore\Bundle\AdminBundle\Controller\Admin\TagsController::treeGetChildrenByIdAction [2,"pimcore_admin_tags_treegetchildrenbyid",[],{"showSelection":"true","assignmentCId":"","assignmentCType":"","node":"0"}] []
[2025-04-23T04:35:09.752146+00:00] admin_statistics.INFO: Pimcore\Bundle\SimpleBackendSearchBundle\Controller\SearchController::findAction [2,"pimcore_bundle_search_search_find",[],{"xaction":"read","class":"test","query":"","type":"object","subtype":"object,folder,variant","language":"en","context":"{\"scope\":\"globalSearch\"}","page":"1","start":"0","limit":"25"}] []
[2025-04-23T04:35:15.414200+00:00] admin_statistics.INFO: Pimcore\Bundle\AdminBundle\Controller\Admin\Asset\AssetController::getDataByIdAction [2,"pimcore_admin_asset_getdatabyid",[],{"id":"1","type":"folder"}] []
[2025-04-23T04:35:15.920476+00:00] admin_statistics.INFO: Pimcore\Bundle\AdminBundle\Controller\Admin\Asset\AssetController::getFolderContentPreviewAction [2,"pimcore_admin_asset_getfoldercontentpreview",[],{"id":"1","page":"1","start":"0","limit":"25"}] []
[2025-04-23T04:35:15.994827+00:00] admin_statistics.INFO: Pimcore\Bundle\AdminBundle\Controller\Admin\Asset\AssetHelperController::gridGetColumnConfigAction [2,"pimcore_admin_asset_assethelper_gridgetcolumnconfig",[],{"id":"1","type":"asset","gridConfigId":"","searchType":"folder"}] []
[2025-04-23T04:35:16.034919+00:00] admin_statistics.INFO: Pimcore\Bundle\AdminBundle\Controller\Admin\TagsController::treeGetChildrenByIdAction [2,"pimcore_admin_tags_treegetchildrenbyid",[],{"showSelection":"true","assignmentCId":"","assignmentCType":"","node":"0"}] []
[2025-04-23T04:35:16.507581+00:00] admin_statistics.INFO: Pimcore\Bundle\AdminBundle\Controller\Admin\Asset\AssetController::gridProxyAction [2,"pimcore_admin_asset_gridproxy",[],{"xaction":"read","folderId":"1","language":"","only_direct_children":"false","only_unreferenced":"false","considerChildTags":"0","page":"1","start":"0","limit":"25"}] []
[2025-04-23T04:35:25.701644+00:00] admin_statistics.INFO: Pimcore\Bundle\AdminBundle\Controller\Admin\DataObject\DataObjectController::saveFolderAction [2,"pimcore_admin_dataobject_dataobject_savefolder",[],{"task":"publish","id":"1","properties":"{}","general":"{\"path\":\"\\/\",\"id\":1,\"creationDate\":17453..."}] []
[2025-04-23T04:35:30.462354+00:00] admin_statistics.INFO: Pimcore\Bundle\AdminBundle\Controller\Admin\ElementController::unlockElementAction [2,"pimcore_admin_element_unlockelement",[],{"id":"1","type":"object"}] []
[2025-04-23T04:35:31.835986+00:00] admin_statistics.INFO: Pimcore\Bundle\AdminBundle\Controller\Admin\ElementController::unlockElementAction [2,"pimcore_admin_element_unlockelement",[],{"id":"1","type":"asset"}] []
[2025-04-23T04:35:33.701694+00:00] admin_statistics.INFO: Pimcore\Bundle\AdminBundle\Controller\Admin\NotificationController::findLastUnreadAction [2,"pimcore_admin_notification_findlastunread",[],{"lastUpdate":"1745382903"}] []
[2025-04-23T04:35:35.383960+00:00] admin_statistics.INFO: Pimcore\Bundle\AdminBundle\Controller\Admin\ElementController::unlockElementAction [2,"pimcore_admin_element_unlockelement",[],{"id":"1","type":"document"}] []
[2025-04-23T04:35:35.397353+00:00] admin_statistics.INFO: Pimcore\Bundle\AdminBundle\Controller\Admin\Document\PageController::removeFromSessionAction [2,"pimcore_admin_document_page_removefromsession",[],{"id":"1"}] []
[2025-04-23T04:35:41.915671+00:00] admin_statistics.INFO: Pimcore\Bundle\AdminBundle\Controller\Admin\Asset\AssetController::getDataByIdAction [2,"pimcore_admin_asset_getdatabyid",[],{"id":"1","type":"folder"}] []
[2025-04-23T04:35:42.730579+00:00] admin_statistics.INFO: Pimcore\Bundle\AdminBundle\Controller\Admin\Asset\AssetController::getFolderContentPreviewAction [2,"pimcore_admin_asset_getfoldercontentpreview",[],{"id":"1","page":"1","start":"0","limit":"25"}] []
[2025-04-23T04:35:42.868148+00:00] admin_statistics.INFO: Pimcore\Bundle\AdminBundle\Controller\Admin\Asset\AssetHelperController::gridGetColumnConfigAction [2,"pimcore_admin_asset_assethelper_gridgetcolumnconfig",[],{"id":"1","type":"asset","gridConfigId":"","searchType":"folder"}] []
[2025-04-23T04:35:42.983395+00:00] admin_statistics.INFO: Pimcore\Bundle\AdminBundle\Controller\Admin\TagsController::treeGetChildrenByIdAction [2,"pimcore_admin_tags_treegetchildrenbyid",[],{"showSelection":"true","assignmentCId":"","assignmentCType":"","node":"0"}] []
[2025-04-23T04:35:43.506440+00:00] admin_statistics.INFO: Pimcore\Bundle\AdminBundle\Controller\Admin\Asset\AssetController::gridProxyAction [2,"pimcore_admin_asset_gridproxy",[],{"xaction":"read","folderId":"1","language":"","only_direct_children":"false","only_unreferenced":"false","considerChildTags":"0","page":"1","start":"0","limit":"25"}] []
[2025-04-23T04:35:45.072239+00:00] admin_statistics.INFO: Pimcore\Bundle\AdminBundle\Controller\Admin\DataObject\DataObjectController::getFolderAction [2,"pimcore_admin_dataobject_dataobject_getfolder",[],{"id":"1"}] []
[2025-04-23T04:36:03.704200+00:00] admin_statistics.INFO: Pimcore\Bundle\AdminBundle\Controller\Admin\NotificationController::findLastUnreadAction [2,"pimcore_admin_notification_findlastunread",[],{"lastUpdate":"1745382933"}] []
[2025-04-23T04:36:06.884696+00:00] admin_statistics.INFO: Pimcore\Bundle\AdminBundle\Controller\Admin\Document\PageController::getDataByIdAction [2,"pimcore_admin_document_page_getdatabyid",[],{"id":"1"}] []
[2025-04-23T04:36:07.885656+00:00] admin_statistics.INFO: Pimcore\Bundle\AdminBundle\Controller\Admin\MiscController::jsonTranslationsSystemAction [2,"pimcore_admin_misc_jsontranslationssystem",[],{"language":"en"}] []
[2025-04-23T04:36:13.760276+00:00] admin_statistics.INFO: Pimcore\Bundle\AdminBundle\Controller\Admin\DataObject\ClassController::getTreeAction [2,"pimcore_admin_dataobject_class_gettree",[],{"grouped":"1","withId":"1","node":"0"}] []
[2025-04-23T04:36:15.141480+00:00] admin_statistics.INFO: Pimcore\Bundle\AdminBundle\Controller\Admin\DataObject\ClassController::getAction [2,"pimcore_admin_dataobject_class_get",[],{"id":"test"}] []
[2025-04-23T04:36:16.010742+00:00] admin_statistics.INFO: Pimcore\Bundle\AdminBundle\Controller\Admin\DataObject\ClassController::getBrickUsagesAction [2,"pimcore_admin_dataobject_class_getbrickusages",[],{"classId":"test","page":"1","start":"0","limit":"25"}] []
[2025-04-23T04:36:18.789117+00:00] admin_statistics.INFO: Pimcore\Bundle\AdminBundle\Controller\Admin\DataObject\ClassController::getAction [2,"pimcore_admin_dataobject_class_get",[],{"id":"test"}] []
[2025-04-23T04:36:19.259826+00:00] admin_statistics.INFO: Pimcore\Bundle\AdminBundle\Controller\Admin\DataObject\ClassController::getBrickUsagesAction [2,"pimcore_admin_dataobject_class_getbrickusages",[],{"classId":"test","page":"1","start":"0","limit":"25"}] []
[2025-04-23T04:36:24.073106+00:00] admin_statistics.INFO: Pimcore\Bundle\AdminBundle\Controller\Admin\DataObject\ClassController::saveAction [2,"pimcore_admin_dataobject_class_save",[],{"configuration":"{\"children\":[{\"name\":\"Layout\",\"datatype\"...","values":"{\"dao\":null,\"id\":\"test\",\"name\":\"test\",\"t...","id":"test"}] []
[2025-04-23T04:36:24.600429+00:00] admin_statistics.INFO: Pimcore\Bundle\AdminBundle\Controller\Admin\DataObject\ClassController::getTreeAction [2,"pimcore_admin_dataobject_class_gettree",[],{"grouped":"1","withId":"1","node":"0"}] []
[2025-04-23T04:36:24.614508+00:00] admin_statistics.INFO: Pimcore\Bundle\AdminBundle\Controller\Admin\DataObject\ClassController::getTreeAction [2,"pimcore_admin_dataobject_class_gettree",[],{"page":"1","start":"0","limit":"25"}] []
[2025-04-23T04:36:24.633270+00:00] admin_statistics.INFO: Pimcore\Bundle\AdminBundle\Controller\Admin\DataObject\ClassController::getTreeAction [2,"pimcore_admin_dataobject_class_gettree",[],{"createAllowed":"true","page":"1","start":"0","limit":"25"}] []
[2025-04-23T04:36:33.699405+00:00] admin_statistics.INFO: Pimcore\Bundle\AdminBundle\Controller\Admin\NotificationController::findLastUnreadAction [2,"pimcore_admin_notification_findlastunread",[],{"lastUpdate":"1745382963"}] []
[2025-04-23T04:37:03.699354+00:00] admin_statistics.INFO: Pimcore\Bundle\AdminBundle\Controller\Admin\NotificationController::findLastUnreadAction [2,"pimcore_admin_notification_findlastunread",[],{"lastUpdate":"1745382993"}] []
[2025-04-23T04:37:33.699221+00:00] admin_statistics.INFO: Pimcore\Bundle\AdminBundle\Controller\Admin\NotificationController::findLastUnreadAction [2,"pimcore_admin_notification_findlastunread",[],{"lastUpdate":"1745383023"}] []
[2025-04-23T04:38:03.701929+00:00] admin_statistics.INFO: Pimcore\Bundle\AdminBundle\Controller\Admin\NotificationController::findLastUnreadAction [2,"pimcore_admin_notification_findlastunread",[],{"lastUpdate":"1745383053"}] []
[2025-04-23T04:38:33.701092+00:00] admin_statistics.INFO: Pimcore\Bundle\AdminBundle\Controller\Admin\NotificationController::findLastUnreadAction [2,"pimcore_admin_notification_findlastunread",[],{"lastUpdate":"1745383083"}] []
[2025-04-23T04:39:03.726146+00:00] admin_statistics.INFO: Pimcore\Bundle\AdminBundle\Controller\Admin\NotificationController::findLastUnreadAction [2,"pimcore_admin_notification_findlastunread",[],{"lastUpdate":"1745383113"}] []
[2025-04-23T04:39:33.705599+00:00] admin_statistics.INFO: Pimcore\Bundle\AdminBundle\Controller\Admin\NotificationController::findLastUnreadAction [2,"pimcore_admin_notification_findlastunread",[],{"lastUpdate":"1745383143"}] []
[2025-04-23T04:40:03.699959+00:00] admin_statistics.INFO: Pimcore\Bundle\AdminBundle\Controller\Admin\NotificationController::findLastUnreadAction [2,"pimcore_admin_notification_findlastunread",[],{"lastUpdate":"1745383173"}] []
[2025-04-23T04:40:33.714069+00:00] admin_statistics.INFO: Pimcore\Bundle\AdminBundle\Controller\Admin\NotificationController::findLastUnreadAction [2,"pimcore_admin_notification_findlastunread",[],{"lastUpdate":"1745383203"}] []
[2025-04-23T04:41:03.697810+00:00] admin_statistics.INFO: Pimcore\Bundle\AdminBundle\Controller\Admin\NotificationController::findLastUnreadAction [2,"pimcore_admin_notification_findlastunread",[],{"lastUpdate":"1745383233"}] []
[2025-04-23T04:41:33.704915+00:00] admin_statistics.INFO: Pimcore\Bundle\AdminBundle\Controller\Admin\NotificationController::findLastUnreadAction [2,"pimcore_admin_notification_findlastunread",[],{"lastUpdate":"1745383263"}] []
[2025-04-23T04:42:03.696814+00:00] admin_statistics.INFO: Pimcore\Bundle\AdminBundle\Controller\Admin\NotificationController::findLastUnreadAction [2,"pimcore_admin_notification_findlastunread",[],{"lastUpdate":"1745383293"}] []
[2025-04-23T04:42:33.703167+00:00] admin_statistics.INFO: Pimcore\Bundle\AdminBundle\Controller\Admin\NotificationController::findLastUnreadAction [2,"pimcore_admin_notification_findlastunread",[],{"lastUpdate":"1745383323"}] []
[2025-04-23T04:43:03.710913+00:00] admin_statistics.INFO: Pimcore\Bundle\AdminBundle\Controller\Admin\NotificationController::findLastUnreadAction [2,"pimcore_admin_notification_findlastunread",[],{"lastUpdate":"1745383353"}] []
[2025-04-23T04:43:33.692744+00:00] admin_statistics.INFO: Pimcore\Bundle\AdminBundle\Controller\Admin\NotificationController::findLastUnreadAction [2,"pimcore_admin_notification_findlastunread",[],{"lastUpdate":"1745383383"}] []
[2025-04-23T04:44:03.705391+00:00] admin_statistics.INFO: Pimcore\Bundle\AdminBundle\Controller\Admin\NotificationController::findLastUnreadAction [2,"pimcore_admin_notification_findlastunread",[],{"lastUpdate":"1745383413"}] []
[2025-04-23T04:44:33.731329+00:00] admin_statistics.INFO: Pimcore\Bundle\AdminBundle\Controller\Admin\NotificationController::findLastUnreadAction [2,"pimcore_admin_notification_findlastunread",[],{"lastUpdate":"1745383443"}] []
[2025-04-23T04:45:03.703510+00:00] admin_statistics.INFO: Pimcore\Bundle\AdminBundle\Controller\Admin\NotificationController::findLastUnreadAction [2,"pimcore_admin_notification_findlastunread",[],{"lastUpdate":"1745383473"}] []
[2025-04-23T04:45:33.700892+00:00] admin_statistics.INFO: Pimcore\Bundle\AdminBundle\Controller\Admin\MiscController::pingAction [2,"pimcore_admin_misc_ping",[],[]] []
[2025-04-23T04:45:33.730229+00:00] admin_statistics.INFO: Pimcore\Bundle\AdminBundle\Controller\Admin\NotificationController::findLastUnreadAction [2,"pimcore_admin_notification_findlastunread",[],{"lastUpdate":"1745383503"}] []
[2025-04-23T04:46:03.707076+00:00] admin_statistics.INFO: Pimcore\Bundle\AdminBundle\Controller\Admin\NotificationController::findLastUnreadAction [2,"pimcore_admin_notification_findlastunread",[],{"lastUpdate":"1745383533"}] []
[2025-04-23T04:46:33.700961+00:00] admin_statistics.INFO: Pimcore\Bundle\AdminBundle\Controller\Admin\NotificationController::findLastUnreadAction [2,"pimcore_admin_notification_findlastunread",[],{"lastUpdate":"1745383563"}] []
[2025-04-23T04:47:03.701637+00:00] admin_statistics.INFO: Pimcore\Bundle\AdminBundle\Controller\Admin\NotificationController::findLastUnreadAction [2,"pimcore_admin_notification_findlastunread",[],{"lastUpdate":"1745383593"}] []
[2025-04-23T04:47:33.701871+00:00] admin_statistics.INFO: Pimcore\Bundle\AdminBundle\Controller\Admin\NotificationController::findLastUnreadAction [2,"pimcore_admin_notification_findlastunread",[],{"lastUpdate":"1745383623"}] []
[2025-04-23T04:48:03.699287+00:00] admin_statistics.INFO: Pimcore\Bundle\AdminBundle\Controller\Admin\NotificationController::findLastUnreadAction [2,"pimcore_admin_notification_findlastunread",[],{"lastUpdate":"1745383653"}] []
[2025-04-23T04:48:33.699946+00:00] admin_statistics.INFO: Pimcore\Bundle\AdminBundle\Controller\Admin\NotificationController::findLastUnreadAction [2,"pimcore_admin_notification_findlastunread",[],{"lastUpdate":"1745383683"}] []
[2025-04-23T04:49:03.707500+00:00] admin_statistics.INFO: Pimcore\Bundle\AdminBundle\Controller\Admin\NotificationController::findLastUnreadAction [2,"pimcore_admin_notification_findlastunread",[],{"lastUpdate":"1745383713"}] []
[2025-04-23T04:49:33.703133+00:00] admin_statistics.INFO: Pimcore\Bundle\AdminBundle\Controller\Admin\NotificationController::findLastUnreadAction [2,"pimcore_admin_notification_findlastunread",[],{"lastUpdate":"1745383743"}] []
[2025-04-23T04:50:03.706893+00:00] admin_statistics.INFO: Pimcore\Bundle\AdminBundle\Controller\Admin\NotificationController::findLastUnreadAction [2,"pimcore_admin_notification_findlastunread",[],{"lastUpdate":"1745383773"}] []
[2025-04-23T04:50:33.707443+00:00] admin_statistics.INFO: Pimcore\Bundle\AdminBundle\Controller\Admin\NotificationController::findLastUnreadAction [2,"pimcore_admin_notification_findlastunread",[],{"lastUpdate":"1745383803"}] []
[2025-04-23T04:51:03.702315+00:00] admin_statistics.INFO: Pimcore\Bundle\AdminBundle\Controller\Admin\NotificationController::findLastUnreadAction [2,"pimcore_admin_notification_findlastunread",[],{"lastUpdate":"1745383833"}] []
[2025-04-23T04:51:33.709679+00:00] admin_statistics.INFO: Pimcore\Bundle\AdminBundle\Controller\Admin\NotificationController::findLastUnreadAction [2,"pimcore_admin_notification_findlastunread",[],{"lastUpdate":"1745383863"}] []
[2025-04-23T04:52:03.785344+00:00] admin_statistics.INFO: Pimcore\Bundle\AdminBundle\Controller\Admin\NotificationController::findLastUnreadAction [2,"pimcore_admin_notification_findlastunread",[],{"lastUpdate":"1745383893"}] []
[2025-04-23T04:52:33.707172+00:00] admin_statistics.INFO: Pimcore\Bundle\AdminBundle\Controller\Admin\NotificationController::findLastUnreadAction [2,"pimcore_admin_notification_findlastunread",[],{"lastUpdate":"1745383923"}] []
[2025-04-23T04:53:03.705237+00:00] admin_statistics.INFO: Pimcore\Bundle\AdminBundle\Controller\Admin\NotificationController::findLastUnreadAction [2,"pimcore_admin_notification_findlastunread",[],{"lastUpdate":"1745383953"}] []
[2025-04-23T04:53:33.712500+00:00] admin_statistics.INFO: Pimcore\Bundle\AdminBundle\Controller\Admin\NotificationController::findLastUnreadAction [2,"pimcore_admin_notification_findlastunread",[],{"lastUpdate":"1745383983"}] []
[2025-04-23T04:54:03.703581+00:00] admin_statistics.INFO: Pimcore\Bundle\AdminBundle\Controller\Admin\NotificationController::findLastUnreadAction [2,"pimcore_admin_notification_findlastunread",[],{"lastUpdate":"1745384013"}] []
[2025-04-23T04:54:33.706960+00:00] admin_statistics.INFO: Pimcore\Bundle\AdminBundle\Controller\Admin\NotificationController::findLastUnreadAction [2,"pimcore_admin_notification_findlastunread",[],{"lastUpdate":"1745384043"}] []
[2025-04-23T04:55:03.707492+00:00] admin_statistics.INFO: Pimcore\Bundle\AdminBundle\Controller\Admin\NotificationController::findLastUnreadAction [2,"pimcore_admin_notification_findlastunread",[],{"lastUpdate":"1745384073"}] []
[2025-04-23T04:55:33.705364+00:00] admin_statistics.INFO: Pimcore\Bundle\AdminBundle\Controller\Admin\NotificationController::findLastUnreadAction [2,"pimcore_admin_notification_findlastunread",[],{"lastUpdate":"1745384103"}] []
[2025-04-23T04:56:03.706512+00:00] admin_statistics.INFO: Pimcore\Bundle\AdminBundle\Controller\Admin\NotificationController::findLastUnreadAction [2,"pimcore_admin_notification_findlastunread",[],{"lastUpdate":"1745384133"}] []
[2025-04-23T04:56:33.707325+00:00] admin_statistics.INFO: Pimcore\Bundle\AdminBundle\Controller\Admin\NotificationController::findLastUnreadAction [2,"pimcore_admin_notification_findlastunread",[],{"lastUpdate":"1745384163"}] []
[2025-04-23T04:57:03.708081+00:00] admin_statistics.INFO: Pimcore\Bundle\AdminBundle\Controller\Admin\NotificationController::findLastUnreadAction [2,"pimcore_admin_notification_findlastunread",[],{"lastUpdate":"1745384193"}] []
[2025-04-23T04:57:33.708838+00:00] admin_statistics.INFO: Pimcore\Bundle\AdminBundle\Controller\Admin\NotificationController::findLastUnreadAction [2,"pimcore_admin_notification_findlastunread",[],{"lastUpdate":"1745384223"}] []
[2025-04-23T04:58:03.701927+00:00] admin_statistics.INFO: Pimcore\Bundle\AdminBundle\Controller\Admin\NotificationController::findLastUnreadAction [2,"pimcore_admin_notification_findlastunread",[],{"lastUpdate":"1745384253"}] []
[2025-04-23T04:58:33.712908+00:00] admin_statistics.INFO: Pimcore\Bundle\AdminBundle\Controller\Admin\NotificationController::findLastUnreadAction [2,"pimcore_admin_notification_findlastunread",[],{"lastUpdate":"1745384283"}] []
[2025-04-23T04:59:03.717601+00:00] admin_statistics.INFO: Pimcore\Bundle\AdminBundle\Controller\Admin\NotificationController::findLastUnreadAction [2,"pimcore_admin_notification_findlastunread",[],{"lastUpdate":"1745384313"}] []
[2025-04-23T04:59:33.707955+00:00] admin_statistics.INFO: Pimcore\Bundle\AdminBundle\Controller\Admin\NotificationController::findLastUnreadAction [2,"pimcore_admin_notification_findlastunread",[],{"lastUpdate":"1745384343"}] []
[2025-04-23T04:59:54.538324+00:00] admin_statistics.INFO: Pimcore\Bundle\AdminBundle\Controller\Admin\MiscController::getAvailableControllerReferencesAction [2,"pimcore_admin_misc_getavailablecontroller_references",[],{"page":"1","start":"0","limit":"25"}] []
[2025-04-23T04:59:54.603078+00:00] admin_statistics.INFO: Pimcore\Bundle\AdminBundle\Controller\Admin\MiscController::getAvailableTemplatesAction [2,"pimcore_admin_misc_getavailabletemplates",[],{"page":"1","start":"0","limit":"25"}] []
[2025-04-23T05:00:03.708233+00:00] admin_statistics.INFO: Pimcore\Bundle\AdminBundle\Controller\Admin\NotificationController::findLastUnreadAction [2,"pimcore_admin_notification_findlastunread",[],{"lastUpdate":"1745384373"}] []
[2025-04-23T05:00:12.313212+00:00] admin_statistics.INFO: Pimcore\Bundle\AdminBundle\Controller\Admin\MiscController::getValidFilenameAction [2,"pimcore_admin_misc_getvalidfilename",[],{"value":"testPage","type":"document"}] []
[2025-04-23T05:00:12.384421+00:00] admin_statistics.INFO: Pimcore\Bundle\AdminBundle\Controller\Admin\Document\DocumentController::addAction [2,"pimcore_admin_document_document_add",[],{"title":"testPage","name":"testPage","key":"testPage","type":"page","docTypeId":"false","elementType":"document","index":"0","parentId":"1"}] []
[2025-04-23T05:00:12.601344+00:00] admin_statistics.INFO: Pimcore\Bundle\AdminBundle\Controller\Admin\Document\PageController::getDataByIdAction [2,"pimcore_admin_document_page_getdatabyid",[],{"id":"2"}] []
[2025-04-23T05:00:12.627079+00:00] admin_statistics.INFO: Pimcore\Bundle\AdminBundle\Controller\Admin\Document\DocumentController::treeGetChildrenByIdAction [2,"pimcore_admin_document_document_treegetchildrenbyid",[],{"limit":"50","view":"","page":"1","start":"0","node":"1"}] []
[2025-04-23T05:00:13.639750+00:00] admin_statistics.INFO: Pimcore\Bundle\AdminBundle\Controller\Admin\MiscController::jsonTranslationsSystemAction [2,"pimcore_admin_misc_jsontranslationssystem",[],{"language":"en"}] []
[2025-04-23T05:00:33.701891+00:00] admin_statistics.INFO: Pimcore\Bundle\AdminBundle\Controller\Admin\NotificationController::findLastUnreadAction [2,"pimcore_admin_notification_findlastunread",[],{"lastUpdate":"1745384403"}] []
[2025-04-23T05:01:03.710661+00:00] admin_statistics.INFO: Pimcore\Bundle\AdminBundle\Controller\Admin\NotificationController::findLastUnreadAction [2,"pimcore_admin_notification_findlastunread",[],{"lastUpdate":"1745384433"}] []
[2025-04-23T05:01:33.715573+00:00] admin_statistics.INFO: Pimcore\Bundle\AdminBundle\Controller\Admin\NotificationController::findLastUnreadAction [2,"pimcore_admin_notification_findlastunread",[],{"lastUpdate":"1745384463"}] []
[2025-04-23T05:02:03.766177+00:00] admin_statistics.INFO: Pimcore\Bundle\AdminBundle\Controller\Admin\NotificationController::findLastUnreadAction [2,"pimcore_admin_notification_findlastunread",[],{"lastUpdate":"1745384493"}] []
[2025-04-23T05:02:33.710501+00:00] admin_statistics.INFO: Pimcore\Bundle\AdminBundle\Controller\Admin\NotificationController::findLastUnreadAction [2,"pimcore_admin_notification_findlastunread",[],{"lastUpdate":"1745384523"}] []
[2025-04-23T05:03:03.714613+00:00] admin_statistics.INFO: Pimcore\Bundle\AdminBundle\Controller\Admin\NotificationController::findLastUnreadAction [2,"pimcore_admin_notification_findlastunread",[],{"lastUpdate":"1745384553"}] []
[2025-04-23T05:03:04.142542+00:00] admin_statistics.INFO: Pimcore\Bundle\AdminBundle\Controller\Admin\ElementController::unlockElementAction [2,"pimcore_admin_element_unlockelement",[],{"id":"2","type":"document"}] []
[2025-04-23T05:03:04.198681+00:00] admin_statistics.INFO: Pimcore\Bundle\AdminBundle\Controller\Admin\Document\PageController::removeFromSessionAction [2,"pimcore_admin_document_page_removefromsession",[],{"id":"2"}] []
[2025-04-23T05:03:04.645670+00:00] admin_statistics.INFO: Pimcore\Bundle\AdminBundle\Controller\Admin\Document\PageController::getDataByIdAction [2,"pimcore_admin_document_page_getdatabyid",[],{"id":"2"}] []
[2025-04-23T05:03:05.378462+00:00] admin_statistics.INFO: Pimcore\Bundle\AdminBundle\Controller\Admin\MiscController::jsonTranslationsSystemAction [2,"pimcore_admin_misc_jsontranslationssystem",[],{"language":"en"}] []
[2025-04-23T05:03:08.028021+00:00] admin_statistics.INFO: Pimcore\Bundle\AdminBundle\Controller\Admin\Document\PageController::removeFromSessionAction [2,"pimcore_admin_document_page_removefromsession",[],{"id":"2"}] []
[2025-04-23T05:03:08.034218+00:00] admin_statistics.INFO: Pimcore\Bundle\AdminBundle\Controller\Admin\ElementController::unlockElementAction [2,"pimcore_admin_element_unlockelement",[],{"id":"2","type":"document"}] []
[2025-04-23T05:03:08.527608+00:00] admin_statistics.INFO: Pimcore\Bundle\AdminBundle\Controller\Admin\Document\PageController::getDataByIdAction [2,"pimcore_admin_document_page_getdatabyid",[],{"id":"2"}] []
[2025-04-23T05:03:09.346694+00:00] admin_statistics.INFO: Pimcore\Bundle\AdminBundle\Controller\Admin\MiscController::jsonTranslationsSystemAction [2,"pimcore_admin_misc_jsontranslationssystem",[],{"language":"en"}] []
[2025-04-23T05:03:33.707539+00:00] admin_statistics.INFO: Pimcore\Bundle\AdminBundle\Controller\Admin\NotificationController::findLastUnreadAction [2,"pimcore_admin_notification_findlastunread",[],{"lastUpdate":"1745384583"}] []
[2025-04-23T05:04:03.708354+00:00] admin_statistics.INFO: Pimcore\Bundle\AdminBundle\Controller\Admin\NotificationController::findLastUnreadAction [2,"pimcore_admin_notification_findlastunread",[],{"lastUpdate":"1745384613"}] []
[2025-04-23T05:04:33.707521+00:00] admin_statistics.INFO: Pimcore\Bundle\AdminBundle\Controller\Admin\NotificationController::findLastUnreadAction [2,"pimcore_admin_notification_findlastunread",[],{"lastUpdate":"1745384643"}] []
[2025-04-23T05:05:03.737234+00:00] admin_statistics.INFO: Pimcore\Bundle\AdminBundle\Controller\Admin\NotificationController::findLastUnreadAction [2,"pimcore_admin_notification_findlastunread",[],{"lastUpdate":"1745384673"}] []
[2025-04-23T05:05:33.720940+00:00] admin_statistics.INFO: Pimcore\Bundle\AdminBundle\Controller\Admin\NotificationController::findLastUnreadAction [2,"pimcore_admin_notification_findlastunread",[],{"lastUpdate":"1745384703"}] []
[2025-04-23T05:06:03.701439+00:00] admin_statistics.INFO: Pimcore\Bundle\AdminBundle\Controller\Admin\NotificationController::findLastUnreadAction [2,"pimcore_admin_notification_findlastunread",[],{"lastUpdate":"1745384733"}] []
[2025-04-23T05:06:33.707356+00:00] admin_statistics.INFO: Pimcore\Bundle\AdminBundle\Controller\Admin\NotificationController::findLastUnreadAction [2,"pimcore_admin_notification_findlastunread",[],{"lastUpdate":"1745384763"}] []
[2025-04-23T05:07:03.708422+00:00] admin_statistics.INFO: Pimcore\Bundle\AdminBundle\Controller\Admin\NotificationController::findLastUnreadAction [2,"pimcore_admin_notification_findlastunread",[],{"lastUpdate":"1745384793"}] []
[2025-04-23T05:07:33.703745+00:00] admin_statistics.INFO: Pimcore\Bundle\AdminBundle\Controller\Admin\NotificationController::findLastUnreadAction [2,"pimcore_admin_notification_findlastunread",[],{"lastUpdate":"1745384823"}] []
[2025-04-23T05:08:03.701495+00:00] admin_statistics.INFO: Pimcore\Bundle\AdminBundle\Controller\Admin\NotificationController::findLastUnreadAction [2,"pimcore_admin_notification_findlastunread",[],{"lastUpdate":"1745384853"}] []
[2025-04-23T05:08:33.702970+00:00] admin_statistics.INFO: Pimcore\Bundle\AdminBundle\Controller\Admin\MiscController::pingAction [2,"pimcore_admin_misc_ping",[],[]] []
[2025-04-23T05:08:33.717880+00:00] admin_statistics.INFO: Pimcore\Bundle\AdminBundle\Controller\Admin\NotificationController::findLastUnreadAction [2,"pimcore_admin_notification_findlastunread",[],{"lastUpdate":"1745384883"}] []
[2025-04-23T05:09:03.708075+00:00] admin_statistics.INFO: Pimcore\Bundle\AdminBundle\Controller\Admin\NotificationController::findLastUnreadAction [2,"pimcore_admin_notification_findlastunread",[],{"lastUpdate":"1745384913"}] []
[2025-04-23T05:09:33.705389+00:00] admin_statistics.INFO: Pimcore\Bundle\AdminBundle\Controller\Admin\NotificationController::findLastUnreadAction [2,"pimcore_admin_notification_findlastunread",[],{"lastUpdate":"1745384943"}] []
[2025-04-23T05:10:03.713836+00:00] admin_statistics.INFO: Pimcore\Bundle\AdminBundle\Controller\Admin\NotificationController::findLastUnreadAction [2,"pimcore_admin_notification_findlastunread",[],{"lastUpdate":"1745384973"}] []
[2025-04-23T05:10:33.704571+00:00] admin_statistics.INFO: Pimcore\Bundle\AdminBundle\Controller\Admin\NotificationController::findLastUnreadAction [2,"pimcore_admin_notification_findlastunread",[],{"lastUpdate":"1745385003"}] []
[2025-04-23T05:11:03.703225+00:00] admin_statistics.INFO: Pimcore\Bundle\AdminBundle\Controller\Admin\NotificationController::findLastUnreadAction [2,"pimcore_admin_notification_findlastunread",[],{"lastUpdate":"1745385033"}] []
[2025-04-23T05:11:33.707501+00:00] admin_statistics.INFO: Pimcore\Bundle\AdminBundle\Controller\Admin\NotificationController::findLastUnreadAction [2,"pimcore_admin_notification_findlastunread",[],{"lastUpdate":"1745385063"}] []
[2025-04-23T05:12:03.713333+00:00] admin_statistics.INFO: Pimcore\Bundle\AdminBundle\Controller\Admin\NotificationController::findLastUnreadAction [2,"pimcore_admin_notification_findlastunread",[],{"lastUpdate":"1745385093"}] []
[2025-04-23T05:12:33.710044+00:00] admin_statistics.INFO: Pimcore\Bundle\AdminBundle\Controller\Admin\NotificationController::findLastUnreadAction [2,"pimcore_admin_notification_findlastunread",[],{"lastUpdate":"1745385123"}] []
[2025-04-23T05:13:03.705303+00:00] admin_statistics.INFO: Pimcore\Bundle\AdminBundle\Controller\Admin\NotificationController::findLastUnreadAction [2,"pimcore_admin_notification_findlastunread",[],{"lastUpdate":"1745385153"}] []
[2025-04-23T05:13:33.707054+00:00] admin_statistics.INFO: Pimcore\Bundle\AdminBundle\Controller\Admin\NotificationController::findLastUnreadAction [2,"pimcore_admin_notification_findlastunread",[],{"lastUpdate":"1745385183"}] []
[2025-04-23T05:14:03.709535+00:00] admin_statistics.INFO: Pimcore\Bundle\AdminBundle\Controller\Admin\NotificationController::findLastUnreadAction [2,"pimcore_admin_notification_findlastunread",[],{"lastUpdate":"1745385213"}] []
[2025-04-23T05:14:33.711305+00:00] admin_statistics.INFO: Pimcore\Bundle\AdminBundle\Controller\Admin\NotificationController::findLastUnreadAction [2,"pimcore_admin_notification_findlastunread",[],{"lastUpdate":"1745385243"}] []
[2025-04-23T05:15:03.705326+00:00] admin_statistics.INFO: Pimcore\Bundle\AdminBundle\Controller\Admin\NotificationController::findLastUnreadAction [2,"pimcore_admin_notification_findlastunread",[],{"lastUpdate":"1745385273"}] []
[2025-04-23T05:15:33.705886+00:00] admin_statistics.INFO: Pimcore\Bundle\AdminBundle\Controller\Admin\NotificationController::findLastUnreadAction [2,"pimcore_admin_notification_findlastunread",[],{"lastUpdate":"1745385303"}] []
[2025-04-23T05:16:03.710239+00:00] admin_statistics.INFO: Pimcore\Bundle\AdminBundle\Controller\Admin\NotificationController::findLastUnreadAction [2,"pimcore_admin_notification_findlastunread",[],{"lastUpdate":"1745385333"}] []
[2025-04-23T05:16:33.708654+00:00] admin_statistics.INFO: Pimcore\Bundle\AdminBundle\Controller\Admin\NotificationController::findLastUnreadAction [2,"pimcore_admin_notification_findlastunread",[],{"lastUpdate":"1745385363"}] []
[2025-04-23T05:17:03.709658+00:00] admin_statistics.INFO: Pimcore\Bundle\AdminBundle\Controller\Admin\NotificationController::findLastUnreadAction [2,"pimcore_admin_notification_findlastunread",[],{"lastUpdate":"1745385393"}] []
[2025-04-23T05:17:33.706674+00:00] admin_statistics.INFO: Pimcore\Bundle\AdminBundle\Controller\Admin\NotificationController::findLastUnreadAction [2,"pimcore_admin_notification_findlastunread",[],{"lastUpdate":"1745385423"}] []
[2025-04-23T05:18:03.718157+00:00] admin_statistics.INFO: Pimcore\Bundle\AdminBundle\Controller\Admin\NotificationController::findLastUnreadAction [2,"pimcore_admin_notification_findlastunread",[],{"lastUpdate":"1745385453"}] []
[2025-04-23T05:18:33.706531+00:00] admin_statistics.INFO: Pimcore\Bundle\AdminBundle\Controller\Admin\NotificationController::findLastUnreadAction [2,"pimcore_admin_notification_findlastunread",[],{"lastUpdate":"1745385483"}] []
[2025-04-23T05:19:03.710276+00:00] admin_statistics.INFO: Pimcore\Bundle\AdminBundle\Controller\Admin\NotificationController::findLastUnreadAction [2,"pimcore_admin_notification_findlastunread",[],{"lastUpdate":"1745385513"}] []
[2025-04-23T05:19:33.704536+00:00] admin_statistics.INFO: Pimcore\Bundle\AdminBundle\Controller\Admin\NotificationController::findLastUnreadAction [2,"pimcore_admin_notification_findlastunread",[],{"lastUpdate":"1745385543"}] []
[2025-04-23T05:20:03.709578+00:00] admin_statistics.INFO: Pimcore\Bundle\AdminBundle\Controller\Admin\NotificationController::findLastUnreadAction [2,"pimcore_admin_notification_findlastunread",[],{"lastUpdate":"1745385573"}] []
[2025-04-23T05:20:33.711420+00:00] admin_statistics.INFO: Pimcore\Bundle\AdminBundle\Controller\Admin\NotificationController::findLastUnreadAction [2,"pimcore_admin_notification_findlastunread",[],{"lastUpdate":"1745385603"}] []
[2025-04-23T05:21:03.710615+00:00] admin_statistics.INFO: Pimcore\Bundle\AdminBundle\Controller\Admin\NotificationController::findLastUnreadAction [2,"pimcore_admin_notification_findlastunread",[],{"lastUpdate":"1745385633"}] []
[2025-04-23T05:21:33.716322+00:00] admin_statistics.INFO: Pimcore\Bundle\AdminBundle\Controller\Admin\NotificationController::findLastUnreadAction [2,"pimcore_admin_notification_findlastunread",[],{"lastUpdate":"1745385663"}] []
[2025-04-23T05:22:03.722364+00:00] admin_statistics.INFO: Pimcore\Bundle\AdminBundle\Controller\Admin\NotificationController::findLastUnreadAction [2,"pimcore_admin_notification_findlastunread",[],{"lastUpdate":"1745385693"}] []
[2025-04-23T05:22:33.709071+00:00] admin_statistics.INFO: Pimcore\Bundle\AdminBundle\Controller\Admin\NotificationController::findLastUnreadAction [2,"pimcore_admin_notification_findlastunread",[],{"lastUpdate":"1745385723"}] []
[2025-04-23T05:23:03.710180+00:00] admin_statistics.INFO: Pimcore\Bundle\AdminBundle\Controller\Admin\NotificationController::findLastUnreadAction [2,"pimcore_admin_notification_findlastunread",[],{"lastUpdate":"1745385753"}] []
[2025-04-23T05:23:33.713657+00:00] admin_statistics.INFO: Pimcore\Bundle\AdminBundle\Controller\Admin\NotificationController::findLastUnreadAction [2,"pimcore_admin_notification_findlastunread",[],{"lastUpdate":"1745385783"}] []
[2025-04-23T05:24:03.720124+00:00] admin_statistics.INFO: Pimcore\Bundle\AdminBundle\Controller\Admin\NotificationController::findLastUnreadAction [2,"pimcore_admin_notification_findlastunread",[],{"lastUpdate":"1745385813"}] []
[2025-04-23T05:24:33.712797+00:00] admin_statistics.INFO: Pimcore\Bundle\AdminBundle\Controller\Admin\NotificationController::findLastUnreadAction [2,"pimcore_admin_notification_findlastunread",[],{"lastUpdate":"1745385843"}] []
[2025-04-23T05:25:03.717398+00:00] admin_statistics.INFO: Pimcore\Bundle\AdminBundle\Controller\Admin\NotificationController::findLastUnreadAction [2,"pimcore_admin_notification_findlastunread",[],{"lastUpdate":"1745385873"}] []
[2025-04-23T05:25:33.733823+00:00] admin_statistics.INFO: Pimcore\Bundle\AdminBundle\Controller\Admin\NotificationController::findLastUnreadAction [2,"pimcore_admin_notification_findlastunread",[],{"lastUpdate":"1745385903"}] []
[2025-04-23T05:26:03.711594+00:00] admin_statistics.INFO: Pimcore\Bundle\AdminBundle\Controller\Admin\NotificationController::findLastUnreadAction [2,"pimcore_admin_notification_findlastunread",[],{"lastUpdate":"1745385933"}] []
[2025-04-23T05:31:33.936743+00:00] admin_statistics.INFO: Pimcore\Bundle\AdminBundle\Controller\Admin\MiscController::pingAction [2,"pimcore_admin_misc_ping",[],[]] []
[2025-04-23T05:46:25.614349+00:00] admin_statistics.INFO: Pimcore\Bundle\AdminBundle\Controller\Admin\NotificationController::findLastUnreadAction [2,"pimcore_admin_notification_findlastunread",[],{"lastUpdate":"1745385963"}] []
[2025-04-23T05:55:01.881934+00:00] admin_statistics.INFO: Pimcore\Bundle\AdminBundle\Controller\Admin\MiscController::pingAction [2,"pimcore_admin_misc_ping",[],[]] []
[2025-04-23T06:18:02.072661+00:00] admin_statistics.INFO: Pimcore\Bundle\AdminBundle\Controller\Admin\MiscController::pingAction [2,"pimcore_admin_misc_ping",[],[]] []
[2025-04-23T06:41:01.974081+00:00] admin_statistics.INFO: Pimcore\Bundle\AdminBundle\Controller\Admin\MiscController::pingAction [2,"pimcore_admin_misc_ping",[],[]] []
[2025-04-23T07:04:02.388557+00:00] admin_statistics.INFO: Pimcore\Bundle\AdminBundle\Controller\Admin\MiscController::pingAction [2,"pimcore_admin_misc_ping",[],[]] []
[2025-04-23T07:27:02.489169+00:00] admin_statistics.INFO: Pimcore\Bundle\AdminBundle\Controller\Admin\MiscController::pingAction [2,"pimcore_admin_misc_ping",[],[]] []
[2025-04-23T07:50:02.427056+00:00] admin_statistics.INFO: Pimcore\Bundle\AdminBundle\Controller\Admin\MiscController::pingAction [2,"pimcore_admin_misc_ping",[],[]] []
[2025-04-23T08:13:02.316807+00:00] admin_statistics.INFO: Pimcore\Bundle\AdminBundle\Controller\Admin\MiscController::pingAction [2,"pimcore_admin_misc_ping",[],[]] []
[2025-04-23T08:36:02.331026+00:00] admin_statistics.INFO: Pimcore\Bundle\AdminBundle\Controller\Admin\MiscController::pingAction [2,"pimcore_admin_misc_ping",[],[]] []
[2025-04-23T08:59:02.663554+00:00] admin_statistics.INFO: Pimcore\Bundle\AdminBundle\Controller\Admin\MiscController::pingAction [2,"pimcore_admin_misc_ping",[],[]] []
[2025-04-23T09:22:02.281225+00:00] admin_statistics.INFO: Pimcore\Bundle\AdminBundle\Controller\Admin\MiscController::pingAction [2,"pimcore_admin_misc_ping",[],[]] []
[2025-04-23T09:45:04.082543+00:00] admin_statistics.INFO: Pimcore\Bundle\AdminBundle\Controller\Admin\MiscController::pingAction [2,"pimcore_admin_misc_ping",[],[]] []
